e:\vs项目\加壳器\debug\vc120.pdb
e:\vs项目\加壳器\debug\vc120.idb
e:\vs项目\加壳器\debug\addsection.obj
e:\vs项目\加壳器\debug\compressiondata.obj
e:\vs项目\加壳器\debug\hashoffunction.obj
e:\vs项目\加壳器\debug\lz4.obj
e:\vs项目\加壳器\debug\studdata.obj
e:\vs项目\加壳器\debug\masterwindows.obj
e:\vs项目\加壳器\debug\programentrance.obj
e:\vs项目\加壳器\debug\pupeinfodata.obj
e:\vs项目\加壳器\debug\sectioninfo.obj
e:\vs项目\加壳器\debug\unshell.obj
e:\vs项目\加壳器\debug\加壳器.ilk
e:\vs项目\加壳器\debug\加壳器.exe
e:\vs项目\加壳器\debug\加壳器.pdb
e:\vs项目\加壳器\debug\加壳器.res
e:\vs项目\加壳器\debug\加壳器.tlog\cl.command.1.tlog
e:\vs项目\加壳器\debug\加壳器.tlog\cl.read.1.tlog
e:\vs项目\加壳器\debug\加壳器.tlog\cl.write.1.tlog
e:\vs项目\加壳器\debug\加壳器.tlog\link.command.1.tlog
e:\vs项目\加壳器\debug\加壳器.tlog\link.read.1.tlog
e:\vs项目\加壳器\debug\加壳器.tlog\link.write.1.tlog
e:\vs项目\加壳器\debug\加壳器.tlog\rc.command.1.tlog
e:\vs项目\加壳器\debug\加壳器.tlog\rc.read.1.tlog
e:\vs项目\加壳器\debug\加壳器.tlog\rc.write.1.tlog
