生成启动时间为 2018/12/7 18:58:13。
     1>项目“E:\VS项目\加壳器\Stud\Stud.vcxproj”在节点 2 上(Rebuild 个目标)。
     1>ClCompile:
         D:\VS2013\VC\bin\CL.exe /c /Zi /nologo /W3 /WX- /Od /Oi /Oy- /GL /D WIN32 /D NDEBUG /D _WINDOWS /D _USRDLL /D STUD_EXPORTS /D _WINDLL /D _UNICODE /D UNICODE /Gm- /EHsc /MT /GS /Gy /fp:precise /Zc:wchar_t /Zc:forScope /Fo"Release\\" /Fd"Release\vc120.pdb" /Gd /TP /analyze- /errorReport:prompt ..\lz4.cpp Stud.cpp
         lz4.cpp
         Stud.cpp
       Link:
         D:\VS2013\VC\bin\link.exe /ERRORREPORT:PROMPT /OUT:"E:\VS项目\加壳器\Release\Stud.dll" /INCREMENTAL:NO /NOLOGO kernel32.lib user32.lib gdi32.lib winspool.lib comdlg32.lib advapi32.lib shell32.lib ole32.lib oleaut32.lib uuid.lib odbc32.lib odbccp32.lib /MANIFEST /MANIFESTUAC:"level='asInvoker' uiAccess='false'" /manifest:embed /DEBUG /PDB:"E:\VS项目\加壳器\Release\Stud.pdb" /SUBSYSTEM:WINDOWS /OPT:REF /OPT:ICF /LTCG /TLBID:1 /DYNAMICBASE /NXCOMPAT /IMPLIB:"E:\VS项目\加壳器\Release\Stud.lib" /MACHINE:X86 /SAFESEH /DLL Release\lz4.obj
         Release\Stud.obj
            正在创建库 E:\VS项目\加壳器\Release\Stud.lib 和对象 E:\VS项目\加壳器\Release\Stud.exp
         正在生成代码
     1>e:\vs项目\加壳器\stud\stud.cpp(116): warning C4731: “puGetModule”: 框架指针寄存器“ebp”被内联程序集代码修改
     1>e:\vs项目\加壳器\stud\stud.cpp(222): warning C4731: “puGetProcAddress”: 框架指针寄存器“ebp”被内联程序集代码修改
     1>e:\vs项目\加壳器\stud\stud.cpp(296): warning C4731: “puGetProcAddress”: 框架指针寄存器“ebp”被内联程序集代码修改
     1>e:\vs项目\加壳器\stud\stud.cpp(149): warning C4731: “puGetModule”: 框架指针寄存器“ebp”被内联程序集代码修改
     1>e:\vs项目\加壳器\stud\stud.cpp(302): warning C4731: “puGetProcAddress”: 框架指针寄存器“ebp”被内联程序集代码修改
     1>e:\vs项目\加壳器\stud\stud.cpp(155): warning C4731: “puGetModule”: 框架指针寄存器“ebp”被内联程序集代码修改
     1>e:\vs项目\加壳器\stud\stud.cpp(346): warning C4731: “puGetProcAddress”: 框架指针寄存器“ebp”被内联程序集代码修改
     1>e:\vs项目\加壳器\stud\stud.cpp(198): warning C4731: “puGetModule”: 框架指针寄存器“ebp”被内联程序集代码修改
         已完成代码的生成
     1>Stud.obj : warning LNK4254: 节“.data”(C0000040)合并到具有不同特性的“.text”(60000020)
         Stud.vcxproj -> E:\VS项目\加壳器\Release\Stud.dll
     1>已完成生成项目“E:\VS项目\加壳器\Stud\Stud.vcxproj”(Rebuild 个目标)的操作。

生成成功。

已用时间 00:00:01.67
