e:\vs项目\加壳器\release\vc120.pdb
e:\vs项目\加壳器\release\sectioninfo.obj
e:\vs项目\加壳器\release\pupeinfodata.obj
e:\vs项目\加壳器\release\programentrance.obj
e:\vs项目\加壳器\release\masterwindows.obj
e:\vs项目\加壳器\release\studdata.obj
e:\vs项目\加壳器\release\hashoffunction.obj
e:\vs项目\加壳器\release\compressiondata.obj
e:\vs项目\加壳器\release\addsection.obj
e:\vs项目\生成\加壳器.exe
e:\vs项目\生成\加壳器.pdb
e:\vs项目\加壳器\release\加壳器.res
e:\vs项目\加壳器\release\hashkeyoper.exp
e:\vs项目\加壳器\release\hashkeyoper.pdb
e:\vs项目\加壳器\..\生成\加壳器.exe
e:\vs项目\加壳器\release\加壳器.tlog\cl.command.1.tlog
e:\vs项目\加壳器\release\加壳器.tlog\cl.read.1.tlog
e:\vs项目\加壳器\release\加壳器.tlog\cl.write.1.tlog
e:\vs项目\加壳器\release\加壳器.tlog\link.command.1.tlog
e:\vs项目\加壳器\release\加壳器.tlog\link.read.1.tlog
e:\vs项目\加壳器\release\加壳器.tlog\link.write.1.tlog
e:\vs项目\加壳器\release\加壳器.tlog\rc.command.1.tlog
e:\vs项目\加壳器\release\加壳器.tlog\rc.read.1.tlog
e:\vs项目\加壳器\release\加壳器.tlog\rc.write.1.tlog
